Change Component Designator: Old Designator=J? New Designator=J1
Change Component Designator: Old Designator=K*? New Designator=K*1
Change Component Designator: Old Designator=K*? New Designator=K*2
Change Component Designator: Old Designator=K*? New Designator=K*3
Change Component Designator: Old Designator=P? New Designator=P1
Change Component Designator: Old Designator=P? New Designator=P2
Change Component Designator: Old Designator=P? New Designator=P3
Change Component Designator: Old Designator=R? New Designator=R1
Change Component Designator: Old Designator=R? New Designator=R2
Change Component Designator: Old Designator=R? New Designator=R3
Change Component Designator: Old Designator=R? New Designator=R4
Change Component Designator: Old Designator=R? New Designator=R5
Change Component Designator: Old Designator=R? New Designator=R6
Change Component Designator: Old Designator=R? New Designator=R7
Change Component Designator: Old Designator=R? New Designator=R8
Change Component Designator: Old Designator=R? New Designator=R9
Change Component Designator: Old Designator=R? New Designator=R10
Change Component Designator: Old Designator=R? New Designator=R11
Change Component Designator: Old Designator=R? New Designator=R12
Change Component Designator: Old Designator=SW? New Designator=SW1
Change Component Designator: Old Designator=SW? New Designator=SW2
